0
0
0
0
0
0
0
0
0
0
0
0
0
0
0
0
0
0
0
0
0
0
0
0
0
0
0
0
0
0
0
0
0
0
0
0
0
0
0
0
0
0
0
0
0
0
0
0
0
0
0
0
0
0
0
0
0
0
0
0
0
0
0
0
0
0
0
0
0
0
0
0
0
0
0
0
0
0
0
0
0
0
0
0
0
0
0
0
0
0
0
0
0
0
0
0
0
0
0
0
0
0
0
0
0
0
0
0
0
0
0
0
0
0
0
0
0
0
0
0
0
0
0
0
0
0
0
0
0
0
0
0
0
0
0
0
0
0
0
0
0
0
0
0
0
0
0
0
0
0
0
0
0
0
0
0
0
0
0
0
0
0
0
0
0
0
0
0
0
0
0
0
0
0
0
0
0
0
0
0
0
0
0
0
0
0
0
0
0
0
0
0
0
0
0
0
0
0
0
0
0
0
0
0
0
0
0
0
0
0
0
0
0
0
0
0
0
0
0
0
0
0
0
0
0
0
0
0
0
0
0
0
0
0
0
0
0
0
0
0
0
0
0
0
0
0
0
0
0
0
0
0
0
0
0
0
0
0
0
0
0
0
0
0
0
0
0
0
0
0
0
0
0
0
0
0
0
0
0
0
0
0
0
0
0
0
0
0
0
0
0
0
0
0
0
0
0
0
0
0
0
0
0
0
0
0
0
0
0
0
0
0
0
0
0
0
0
0
0
0
0
0
0
0
0
0
0
0
0
0
0
0
0
0
0
0
0
0
0
0
0
0
0
0
0
0
0
0
0
0
0
0
0
0
0
0
0
0
0
0
0
0
0
0
0
0
0
0
0
0
0
0
0
0
0
0
0
0
0
0
0
0
0
0
0
0
0
0
0
0
0
0
0
0
0
0
0
0
0
0
0
0
0
0
0
0
0
0
0
0
0
0
0
0
0
0
0
0
0
0
0
0
0
0
0
0
0
0
0
0
0
0
0
0
0
0
0
0
0
0
0
0
0
0
0
0
0
0
0
0
0
0
0
0
0
0
0
0
0
0
0
0
0
0
0
0
0
0
0
0
0
0
0
0
0
0
0
0
0
0
0
0
0
0
0
0
0
0
0
0
0
0
0
0
0
0
0
0
0
0
0
0
0
0
0
0
0
0
0
0
0
0
0
0
0
0
0
0
0
0
0
0
0
0
0
0
0
0
3.04998719730154
3.00301384508957
0
0
0
0
2.2296006929459
0
0
1.90020027724785
1.59397301870731
0
0
0
0
0
2.47549457616796
2.29412000630324
2.04208619555716
0
0
1.44482059799033
0
0
0
1.17208696232226
1.08532406166442
0
1.0032414900672
0
0
0
0
0
0
0
0.00291714598516598
0
0
0
0
0
0
0
0
0
0
0
0
0
0
0
0
0
0
0
0
0
0
0
0
1.48541067280326
0
1.39003963919557
1.40919413962075
0
1.56836125436928
0.00192235716161359
1.6053705200907
0
1.99075990054334
0
0
0
0
0
2.95238671790047
2.61200114743934
0
0.0036725541121663
0
0.00411018527498812
0
0
0
0
0
0
0
0
0
0
0
0
0
0.00421923390930189
0
0
0
0
0
0
0
1.26139183481887
0
0
0
0
0
0
0
0
0
0
1.97334309913088
0
0
0
0
0
0.0016437986848931
0
0
0
0
0
0
0
0
0.00258373762750799
0
0.00258374889584453
0
0
0
0
0
0
0
0
0
0
0
0
0
0
0
0
0
0
0
0
0.00168233255032783
0
0.00122176009832508
0.00155218177944389
1.42425088605324
0
0
0
0
0
0
0
0
0
0
0
0
0
0
0
0
0
0
0
0
0
0
0
0
0
0
0
0
0
0
0
0
0
0
0
0
0.000845707634989596
0.00132511608957013
0
0
0
0.00197064064386903
1.55384373168983
0
0
0
0
0
0
0
0
0
0
0
0
1.51003812109975
0
0
0
0
0
0
0
0
0
0
0
0
0
0
0
0
0
0
0
0
0
0
0
0
0
0
0
2.06765374472686
2.19921837765892
2.39361985991439
3.00858909856929
2.93777207003464
0
0
0
0.00225528286141573
0
0.00190239485691623
1.51286075454446
1.5868094087108
1.38578005458058
1.39290429793618
1.27694902929827
1.21234377802618
1.29639631518514
1.00552928848645
1.00277542371149
1.01975414878815
1.06034044709138
1.13302010822108
1.14204056260962
1.2302700783362
1.38541775134361
1.51909048661246
1.68318391365839
1.75715368436843
1.49686510638628
1.4946130649111
1.40319374473713
1.22229040249805
1.23386655846472
1.17399578702961
1.13945076477172
1.12912386434177
1.13945100094408
1.17399553787007
1.23924965246906
0
1.23307725763819
0
0
0.000942807620399191
0
0
0
0.000501289920977896
0
0
0
1.03451103373391
0.000416432550433194
1.1054665878097
1.18412318404139
1.16595018426486
1.4395120577061
1.45108293229435
1.02975306365927
1.16594940729948
1.18698444793027
1.1925697079527
1.2136101753547
1.35875430424425
1.19886806010605
0.834240635071599
0.998175583710789
0.96409932104242
0.77221733045405
0
0
0
0
0
0
0
0
0.000570858387568342
0.000332469221422374
0
0.00144718447215326
0.824695219064088
0.817876579302455
1.17565065753808
1.11534814143013
1.08496441787427
1.08043781648059
1.04942652594534
1.14064537658223
0
0
0
0
0
0
0
0.929930797543988
0.7722176652477
0.902625835755574
0.896058923762021
1.04330636873446
1.00487098245836
0
0
0
0
0.901894630495032
0.924553803547929
0.943885310626852
0
0.961940812276027
1.02902147748994
1.0546114568055
0.748901565484283
0.592427802121445
0.00075228709084926
0.000435105766259427
0.000445482531165678
0
0.617505131676237
0.631570291307459
0.672638451492252
0
0
0.923004719008168
0
0.629553560618085
0.584756158646327
0
0.648023711275299
0.64394024508349
0.810566629802738
0.903853226927858
0.990863908717637
1.04781802758813
1.15378343715787
1.25744621051327
1.46671640189165
1.18754852915924
0.855291898426325
0
0.000399323073690476
0.000954439014948171
0.707847630078518
0.603720735420295
0.572732020538678
0.666486107255816
0.712444343656008
0.721350835629856
0.729488013512168
0.848282939381769
0.828913880307952
0.834456086129718
0.681768622409341
0.839725205183576
0.667969190507978
0
0.688474342643402
0.7207596510021
0.657462999701622
0.631450358413168
0.791910214735718
0.670917126963001
0.643137235285601
0.638313079046841
0.654849289958544
0.784861729663474
0.758494458908079
0.772616061396011
0.800115677172951
0.809000640797259
0.893368607214581
0.673721526808359
0.704381050152935
0.767424677250292
0.779273071557647
0.786130010156938
0.825778633135588
0.767424420989433
0.779272602575157
0.786129530417291
0.757585592503087
0.7123821998294
0.643239777195791
0.611331304413748
0
0.517006835331635
0.485161420139525
0.466164150852263
0.567743997988922
0.55818851647142
0.790386742699224
0.828952296879083
0.80176091528439
0.769395461162061
0.696929069295527
0.576816646400711
0.744201482359329
0.563896515404193
0.570605652850378
0.596054396965058
0.793726741962203
0.867764547494907
0.908342680913804
0.949383894874917
0.945241741416068
0.984598538820931
0.961904416748802
0.969162258433898
0.961903993553073
0.975974861669823
1.03768969583645
0.89605849852342
0.936629005148935
0.778996538430035
1.03190753977694
0.964735640013225
1.11099598737211
1.11443148450579
0.893203364646859
0.797688484370468
0.823971043213069
0.993190239256364
0.959260730165267
0.793250641424
1.01815750793437
0.983090574760648
0.94094064765858
0.950410542980124
0.853074684428155
0.756335137054994
1.06831800700627
1.19350630075313
1.21490399135112
1.23185260844427
1.17543887774725
1.24707428917498
1.35202537897273
1.1317134281993
1.12898213313324
1.80309927629399
1.99287387123638
2.06020302884929
2.08054680312287
1.79708247684879
1.44616465240247
1.43140820829859
1.56583020877518
1.9256056804682
1.94003055317757
1.83631585951565
1.72552708736043
1.89457068717124
1.87783526907462
1.68758895554261
2.00342036810402
2.39477649644234
2.47783643876758
2.70825421436145
2.57772134263138
2.64072197209471
2.26681151505379
2.03148190213902
1.80184616012915
1.49619144249368
1.32523694188527
1.05493397429644
0.870658199644419
0.722763795460122
0.587422644597672
0.75649158949079
0.799725063621195
0.839608939476904
0.969180009719848
1.11323277190066
1.39091631587745
1.54405762482805
1.73347381204437
2.04892121022397
0
2.8468727046038
2.77414340008784
2.49530293574687
0
3.08012260121721
3.06617894585439
2.52576647416345
2.60719735074847
2.2160879568268
1.65409044313112
1.23407347841032
0.980319390070119
0.930412335008216
0.899172326935059
0.810245866809898
0.69550387745981
0.549113780079737
0.542282835181761
0.55062001785374
0.58315935023974
0.597389782554498
0.552015713214416
0.582980600197624
0.677960117917559
0.696983531399844
0.78445906715247
1.08030637896699
1.86486546250437
2.70426367546976
2.96810640049338
0
2.79707443371167
2.49107869283533
2.38078602686718
2.0786050573108
1.82561583243016
1.89457068717198
1.60868702566739
1.22980147969051
1.16399689321965
1.25192622435894
1.37409049822093
1.35334607680679
1.10597601955418
0.984355562380702
0.769581641423807
0.672718839309724
0.710529966193003
0.667504740758882
0.6609125685908
0.701292923896306
0.73619130958237
0.766463170503505
0.774500906408929
0.851963389817587
0.902049870844908
1.17142466029154
1.396618768169
1.78339358005944
1.70058942405035
1.53056791728302
1.21826705691941
1.10514085776649
1.20368642457591
1.22381304251682
1.23032912565682
1.23152727879416
1.32071335910121
1.32234111744767
1.35066995915703
1.43046066252979
1.47065118600302
1.34412122614656
1.2188332628641
0.940883084268412
0.917753497483585
0.955577355731515
0.926509449798791
1.00935199189165
1.04598690037832
1.14652276959571
0.979973068105904
0.86557967931225
1.43204498458134
1.3950240663037
1.36622504214936
0.966954380820613
1.36470209003652
1.47353636031986
1.55280666846279
1.60620122750384
1.70677325176981
1.67988541284175
1.61297023438842
1.35329180381795
1.89081240561196
1.83094970558574
2.02700235007132
2.17178848899847
2.3484299570121
2.47164145580882
1.92198557092802
1.63330376166438
1.81521586159477
1.80614279156504
1.59493915803341
1.56194308153966
1.61119202783353
1.39593156601605
1.30354000185649
1.16246698906756
1.08663595035432
1.09021647127223
0.955167987778159
0.892807137429884
1.09588409897787
1.03149249655942
0.943103580215698
0.830613275300243
0.798171907636151
0.836897429857885
0.81958637789572
0.826746451882024
0.801501841263845
0.789982973471774
0.8738107350845
0.939338627736898
0.789962160267532
0.914500995548436
0.917850592693102
1.02817980914571
0.950911821785947
1.02391257428235
1.00297269772808
0.983636611351326
0.907236901246982
0.901824512583122
0.925807970537217
0.986803911722865
1.05394835566884
1.23591092704646
1.40929862432851
1.56853691095443
1.52341736949383
1.40567782055686
1.53566597547308
1.45516848066886
1.57945387123233
1.72458160268152
1.72969835968187
1.77516247517324
1.63068602184759
1.55971605743437
1.45515574694007
1.24922949777069
1.20632251546928
1.18956803281507
1.25649424582547
1.27478868898605
0.998964290822595
1.1692384554232
1.1616422110936
1.12410090310396
1.28794324294564
1.22032658483528
1.42594196379208
1.70705425873614
1.47561714498376
1.41442298065584
1.39751942176625
1.45915119797384
1.52651685960767
1.61982929728015
2.06094733133659
2.49802025119323
2.98998367480476
2.8329351502538
2.48146508295728
3.0128954023385
0
0
2.91679526071397
1.96881134837668
1.82340899743186
1.81065242660568
1.51779401178397
1.38097958236819
1.24488971346071
1.12490779536036
1.33665045981468
1.43025896038364
1.59819021153161
1.83241687848286
1.99931933286988
1.8303172532375
1.78060570698999
2.00569723914506
2.20508617295462
2.1407792246195
2.13055735950071
1.90657568938781
1.84079721501649
1.64445302610133
1.69658418455262
1.62320261240579
1.62022484835698
1.49221941533212
1.20776207976826
1.16847499393633
1.46271991220089
1.56592065770668
1.41846040073924
1.33888246591513
1.52642697180707
1.52765399448279
1.52044793056816
1.40926524911767
1.13665054306366
1.07168773182734
1.00694155979816
0.913935289315864
0.790750988877327
0.780720193733679
0.798703477415523
1.06127690550648
1.20254001728827
1.30448876087074
1.44960163384831
1.3834250055796
1.50592615802668
1.30440704142536
1.2497714769038
1.23407598084827
1.11224981327115
1.01186772529732
0.949990750388869
0.85451148877352
0.909041445001419
0.794256105701537
0.88465763668795
1.01374789658072
1.07629792129996
1.10521078642075
1.04155838066397
1.20239988694737
1.11380816666895
1.09379312899951
1.17461749511108
1.12689988170394
1.18536127778503
1.18874145059764
1.22124320662599
1.08679457004815
1.0800580416173
1.12751605760854
0.934419610316366
1.34914360013393
1.52380249608137
1.86329291261301
2.0443670957563
2.16604778491078
2.05365821167517
2.00089586024604
1.96128048892286
1.99574251441923
1.68318323226034
1.57760065516351
1.29711728641776
1.24979374474803
1.07448384645406
0.990591474980216
0.873001284189869
0.850270694645217
0.913198060577337
0.845089678593595
0.751112156221254
0.729694842243275
0.730296748781773
0.877463257736949
0.97581297227754
0.875195596473056
0.847041637476546
0.837150367856433
0.862023770528325
0.862079377237908
0.877001680148067
1.01521112389402
1.04542542546253
0.901497912007554
1.24671187783287
1.59609501235287
1.88777492237069
2.34552397179069
2.97494111789059
2.50004947629864
2.84845350406767
2.92624252866139
3.06116241168543
2.75649540971377
2.60053282175851
2.11545731912256
1.60759376622651
1.47505064156491
1.26334171770277
1.2061690242291
1.20677060606323
1.01134885495836
1.18622019635468
1.17496468558099
1.1531547572516
0.928140427946895
1.25858379768923
1.49151035672168
1.62050847175707
1.59029512218952
1.57190281179802
1.48455144525135
1.42084264505758
1.4675249930671
1.43045085902122
1.35337226778426
1.09094599205275
1.0965617812944
1.34937778805167
1.42368938078976
1.21286489431731
1.30056968610129
1.48601658085796
1.84889463533576
2.34036895216762
2.66511642349711
2.4179130547604
2.61199797090677
2.45349208211834
2.12223757529404
2.13079282041515
2.23922658299437
2.09488729635511
2.16942124170717
2.24364663432241
2.04071666628681
1.95025812172721
1.91528227531322
1.8079139083781
2.27561629158932
2.30499210982785
2.86568906375874
2.85842648943016
2.90220123949136
2.72609687708875
2.55483555224804
2.89247891266579
2.84515045472057
2.62849726686413
3.03812808089644
2.65196349800336
2.87485711813067
3.03039551558947
2.9844306699814
2.46369705276142
2.42241806564991
1.97935275916393
1.81487266382106
2.24016606861812
2.8325612440292
2.91681836540296
3.00640782722614
0
3.04998740266367
3.00191288805379
2.76912239949975
0
2.93777207003184
2.56913145509192
2.11545784597713
0
0
1.97669626676104
1.75548470048996
1.78548251445166
0
0
0
0
0
2.68568607682502
0
0
0
0
0
0
0
0
0
0
0
0
0
3.02371555878435
2.59420939230009
0
3.02371600935675
2.79418478004366
2.27483350758243
1.83802353840694
2.00990666540381
2.099017282172
1.98075673292441
2.05009732233602
2.27071464258284
2.00858715663036
2.02205275360804
2.40435273605303
3.02244043359409
2.85457696719819
2.47395387582119
3.02519469341595
2.36662179637562
0
0
2.80153179154939
0
0
0
3.33543758634851
0
3.26515372670876
3.33172312895129
2.73469234305702
2.54417625217683
2.28596691540636
2.25453695267502
1.65100674015319
2.14402362720066
2.0154143379057
1.42863378198852
1.11944555330818
1.16100793803206
1.2960929125907
1.33099019658373
1.38132094863655
1.47536443503261
1.80593056348747
1.93955113855799
2.05100410232667
2.13900709253095
1.76633278747083
2.16942084452212
2.16413928282454
2.11391088252461
2.15282337025802
1.93909253298484
1.54879614541376
1.33394274070188
1.35028391352157
1.44124289494922
1.37822885477696
1.48015783348155
1.58602637455679
1.88531201238571
2.08517540157239
2.21947413129116
2.36561807551097
2.8165148605808
2.87911910218517
3.25237817026315
3.08935599655888
0
0
3.30666758002112
2.86234594795988
2.70297181705155
2.97151206278447
3.15907622126144
3.28613377446314
3.04259146883526
3.3313192575093
3.14321239879248
2.93325139905057
2.87962930559025
0
2.66666742733885
3.30845715877414
2.48146508296057
2.74534789307973
3.20079100936023
2.80378916819174
2.47683479126677
2.28925470928431
2.15151096340061
1.07881932139012
0
1.12926553820401
1.21154258358532
1.60570143353271
1.81618624748672
1.78822520230611
1.70920402285164
1.26169117706528
1.27372076969596
1.52321753067938
1.51470701018295
1.79010621397355
1.72060275309368
1.66054865893631
1.57005896185284
1.56959545088231
1.96483384490529
2.21406558725789
2.79594768458089
2.79594786870011
2.42324349188361
2.20820988861089
2.80874194393073
3.25045337050203
3.3212484439611
3.32124821995726
2.88834255323593
2.67720995034203
2.15562989021024
2.32912362510012
3.02371600935759
0
3.25875125409243
3.05203316046773
2.75137855225979
2.6208062208729
2.14306688138954
1.88352116746157
1.86142534752847
1.74424430295824
1.77725395995054
1.74704709175924
1.75510376752639
1.91385437369885
2.40040513029915
2.70494682580551
2.83375430219204
2.92438010536623
2.05369077702571
1.73600362148264
2.36501131376188
2.7606380711448
3.08336510921874
3.08336489181247
3.08336489181435
3.08336510921812
3.22887065196458
0
2.16600357497521
2.03230149406687
1.92970710525719
1.84923842634108
2.01229796952757
2.72083666628377
2.77623970495274
2.60629172779526
1.78110555842811
1.99324924920661
1.96144034842308
1.5344601280164
1.08590548093537
0.839110248696136
0.904291291814273
0.952102837579436
1.26723738381775
1.57680853591152
1.41505368134947
1.4703434076639
1.39989637241909
1.39352406328862
1.52230357889395
1.64372500992788
1.87453304810321
1.70908167607932
1.63022150732903
1.80717110549695
1.70763807421949
1.70763817613846
1.72671354581282
1.72671377767642
2.31028927791145
2.10929325245529
1.57275649354402
1.51679984206233
1.4246653246564
1.75174387479892
1.93089883152007
1.76633315660924
1.75715368436295
2.54654856493654
3.17895715420027
3.32516723630478
3.29122415999264
3.33345066231604
3.26660078118461
3.11328132887791
2.83967063343645
2.59479881438336
2.32478305302087
2.06840073297024
1.74237710975912
1.86431560454973
2.01806661024631
1.88352113904282
1.71570134521261
2.00419859152711
2.37567771354023
2.53876428150532
1.48299774464101
1.38668011746187
1.31142065856161
1.28688580584058
1.54954342828913
1.35936458493167
1.30562753271092
1.04905144852514
1.24118815688072
1.26905986624084
1.3303975695709
1.2132851840692
1.44886336831584
1.3854166814464
1.78834055624336
1.79683237635726
2.53876389690562
2.74858241441832
3.14243670457822
2.69040234829106
2.30541712210574
2.33491899676789
1.6945885840136
1.65713824403234
1.41098626066897
1.24702087021704
1.05496690863655
0.916610544149785
0.895256163502997
1.04897871175538
1.09058872682878
1.09166339341153
1.12662657082026
1.24961636022942
1.4287913319923
1.64673552101546
1.36422196526524
1.2411885796364
1.18305101715542
1.03082510037441
1.04492651055223
0.994357588268771
0.95523788277446
0.871863767158954
0.869392827235653
0.85232555977058
0.957285206363696
1.267089368217
1.13479862277303
1.16990885798106
0.855292586880044
0.701457313238238
0.685099406569614
1.00136079560269
0.982059611331565
1.01089376545677
1.19483687200931
1.11912695662257
0.98712973872086
0.823881989372417
0.754427128589612
0.663037547139194
0.689909114679473
0.526346092213522
0.552038603541905
0.843480927630254
0.863776057660334
0.983927803682194
1.02491367281174
1.04385587857702
0.88476447418255
0.993151713984327
1.03609221390767
0.980593861654199
0.939805766089558
0.930394781941036
0.914082084192033
0.752993296929811
0.948534571545464
0.965973833328133
0.880970293922274
0.914182015189971
0.992397071353897
1.1684083833067
1.36432406691931
1.20285098827136
1.47843177797861
1.42413915363721
1.34616368735574
1.44280848338702
1.57101276070013
1.51060528518775
1.37669447939348
1.17445589719025
1.06010847639101
0.989202905496266
0.984846802845607
1.06258992572928
1.05256268536068
1.04571034578041
1.11809550440836
1.05475112045163
1.05308486574819
1.08238988463203
0.894423207865533
0.943262310636478
1.06264123848955
1.09856605525245
0.803753021312117
0.783848411803127
0.920784033745045
0.959015838352785
1.08030619102387
1.12613916686716
1.15008230819629
1.12584693327887
1.0063709914892
0.949335907994742
0.787228171936155
0.62234746982132
0.866132899639754
0.806063781678877
0.762842880931257
0.722932506661063
0.815311305335729
0.840333337387574
0.786782074593267
0.760932191627285
0.7738044221351
0.705623997809702
0.718555590427086
0.724960590666348
0.716669014930738
0.752161679882071
0.646775588237472
0.78300256806009
0.80366584307443
0.818090997834705
0.815220901871985
0.731750093222522
0.701047138104193
0.649550058190641
0.51260676462367
0.516756230839666
0.589988197238248
0.61818312018297
0.833516706626611
0.837596646699263
0.811413380021671
0.809101628218439
0.820581139703225
0.83759673950152
0.691417368506767
0.662100354489365
0.646775751793559
0.638387764177715
0.883073188606067
0.896608317814467
0.822374603448724
0.772821474672238
0.754855062975848
0.774878152718366
0.706801176115887
0.712722028796407
0.700125282128505
0.726248755705235
0.651205404263864
0.735966139914841
0.687380668744271
0.719108221517159
0.762212796480721
0.721085054832192
0.722399263349351
0.769915782827499
0.649658724118492
0.814031604997249
0.845410640353379
0.846833126537254
0.973298793405403
0.968712227364472
0.959261161236591
0.930688922656665
0.930563948257044
0.857323397589889
0.813999250689176
0.776660118277126
0.736779317678211
0.745210591128572
0.678438742136679
0.500720161235883
0.516755980818953
0.750336846542294
0.65333883678059
0.630341731640187
0.800044215901195
0.815577211881826
1.05823831697461
1.17459115973955
1.20803515504869
1.14923308008408
1.12044387404461
1.03919680513211
1.04120136425952
1.00449561852507
0.909083368251723
0.9631895814444
1.02704843523053
0.992159208221132
0.946044029038549
0.845087886684199
0.795027200666154
0.696080492004974
0.724425897086216
0.69613137918861
0.67917539379666
0.700321240836574
0.629948271393615
0.631179334533275
0.659551603531078
0.784884444592943
0.915957395350507
0.677091843490327
0.588783937023229
0.549818341848049
0.68333243728269
0.668815091158174
0.886089835981968
0.862088868529293
0.740309357698011
0.79873528592429
0.781839432573752
0.808486956571608
0.840265056528556
0.856454797366264
0.867267529308795
0.854448170061145
0.832823626625703
0.724061828547015
0.690459441377814
0.747031338895211
0.771473094133111
0.701662037681562
0.97416921248543
1.27765466186217
1.45998501699658
1.69413242403531
1.7404306984556
1.86763570564023
1.91911994160737
1.86387154391828
1.81472640790371
1.96955987751108
1.81329711904362
1.49686474637037
1.17864581266046
1.12375658325785
1.03257784614338
0.980720350988548
0.926856011943141
0.971675206275154
1.0828729873869
1.07317971851023
1.16447403460114
1.17737653278706
1.18550175718541
1.24279770956932
1.10500632924072
1.11796477135266
1.01007173256477
1.0052772039407
0.866135804554929
0.845743802332355
0.788300894297032
0.788907005173894
0.803665828876414
0.836263767751708
0.894423635326122
1.17737668901466
1.12219391670953
1.24587754333722
1.14199024704915
1.0298154409039
1.21391275304344
1.56889587237782
1.54298709855503
1.58863599747095
1.56889623515503
1.40009529950414
1.30050846638646
1.35207912565719
1.20539923430354
1.27222806061581
1.25385025813363
1.2638591373265
1.34200211029433
1.34992340682753
1.25740320215507
0.976685731928111
1.01083024051623
1.40991470624846
1.50025340432043
1.79020595791818
1.93271928333932
2.23655252263276
2.80697212733711
2.9117345039376
3.15943069115939
2.7035869246047
2.09578049729457
1.66026635194342
1.53821393014412
1.14251755908443
1.02968998482885
1.17048313680135
1.13919725383445
1.1183305968099
1.10594716017662
1.16691984504069
1.05238444371833
1.05327374698419
1.0133978797094
0.95288346977044
1.057771395342
0.983629363454993
0.956183072681746
0.982781853049882
1.01386109139522
0.93210616855088
0.867950026099921
0.904287611075893
0.836370828385981
0.842827030267791
0.675283853707808
0.834915101510385
0.777941854827979
0.759445821948459
0.762875464852776
0.769804283053682
0.768143869406293
0.898805399516267
1.00381591281188
1.09041884721056
0.906246973476968
0.853456256600264
0.852754085139824
0.611937793312246
0.675494347073877
0.722929181515999
0.741670420557858
0.791067493729988
0.873761729663162
0.946524891020078
1.19576585698774
1.13318423332016
1.10124933692115
0.952088915990386
0.993571376327471
1.03285849330283
1.02786756710065
1.06874897709199
1.24189858879375
1.24806215692856
1.23150953520281
1.2525276338043
0.956182894589176
0.957828072532988
0.947661008676121
1.0722200660493
1.16985865375666
1.19905914695486
1.26581227059858
1.07638268236294
1.06812600522302
0.651038351478118
0.651038351450975
0.690498081468656
0.761514146269551
0.754474628165434
0.981442761014752
0.857687107215332
0.789926954783222
0.887722069881336
1.10915715463842
1.03652538396922
0.966900108639655
1.07401425660154
1.05477039972881
0.980344296721681
1.00800031106295
1.00405564610808
0.946524808304642
0.82493422493607
0.688892094863531
0.636455358098976
0.555080328990359
0.61225180801371
0.67407481099165
0.680566669811561
0.735458863026657
0.8640335245807
1.01523913244382
1.33435265752525
1.78376231236102
2.30586377992887
2.61870851215854
2.96335780377507
2.93777207003283
3.00191308146362
2.97705859796627
3.19834252447925
3.198342524477
3.11228894165803
3.19497031742696
3.01727641503922
2.67575864466812
3.06915308803846
2.50108476480279
2.72980971125305
3.03244629393685
3.1022707033614
3.01084328084198
2.97980077187081
3.05773610195204
3.04259108476445
2.02097460481684
2.20525545030567
2.71935556331521
1.97785306424254
1.89334995639137
1.92617329776966
1.85857352650026
2.14563248010158
1.80526515961963
1.65987620414071
1.50384101958007
1.4335004598752
1.37988819371918
1.31632120534981
1.24456550164492
1.61781111848608
1.69933526881548
1.95378756070792
2.05225816086673
2.2658787249413
3.12945141010496
3.05203345193744
2.65935623166766
2.74534811437473
2.42642872368999
2.32273562237101
2.24386319015132
1.63405016593646
1.94387575151058
1.83111914114283
1.10960963609034
1.32438892861614
1.26783285017658
1.58098718840115
1.61557180735971
1.99324924919842
2.1012297985357
2.14297403854578
2.60671583290472
2.770214140958
3.19496984100016
3.33345016210322
3.06124872809361
2.37722533361703
2.44458529798502
2.36623814630873
2.19909296763042
2.64720648219767
2.92453375325329
3.14263097089546
2.85681275728438
2.76759046832703
2.7089501471893
2.81817250458945
3.06146712851548
3.16638513559944
3.03285595615472
2.85316633991784
3.08426506992091
2.20718380335431
2.01695563257269
1.63159803243383
1.52658896263421
1.56107058452381
1.77798249389269
1.61878502546787
1.74640634594538
1.64848622355748
1.64366585757783
1.64366596132866
1.49465535289182
1.33718792194097
1.39273132277982
1.48595420679654
1.57248459426606
1.77393272813255
1.97315785207325
2.2808011039242
2.48199549641358
2.34215995015504
2.79109641212026
2.28086300985218
2.37763025447474
2.55641686049693
2.74723544327995
3.13027897732482
3.00633478547951
2.97771096626703
2.97771062578779
2.97771130674932
2.95238531891451
3.23753015369828
0
0
3.28231603921949
2.99351451077243
2.56879153812017
2.23947126583906
1.9967906700823
1.90388901815877
1.75685235353107
1.7381855723667
1.85418880796898
1.79216728271649
1.87635221025586
2.10151224861829
2.34415941729045
2.36079106925736
2.4664219210772
2.69859860056631
2.70200989437736
2.69535296161395
2.0322493139315
1.88617893474494
1.79687440687124
1.74574322594539
1.72404453895735
1.73449003667659
0.934390995564041
0.888958138545891
1.09774194914764
1.29916775680619
1.59646601484829
1.67409333715946
2.19290744006856
2.82027423634786
3.17293420820997
2.78823708510384
2.76063716361656
2.49340762438124
2.70262923882747
2.78278190443045
2.61199824712616
2.40001144991197
2.29351060817003
1.89063648422656
1.67857388958608
1.90453952859307
2.35262465488822
2.85457758973339
3.32431711878785
2.68568559930583
2.37722683509017
1.60095569633225
1.37190493421108
1.76498799396774
1.66751400287707
1.47812736337455
1.4540173481564
1.61462940871872
1.77375310585869
1.73818546145742
1.85228667245358
1.83802341755444
1.5923690273599
1.56441316758868
1.52808062438467
1.51101792590809
1.54616853331379
1.52341731978846
1.57180804352946
1.34415052494396
1.64968245005631
1.86872545688509
2.04960979873973
2.04080142339764
1.99343990747965
1.56781431449556
1.45080806186885
1.37030872942428
1.43672332679051
1.47811405400856
1.44092770813522
1.38287637523668
1.37577849105721
1.38770048967799
1.5275759151967
1.49307036099098
1.57365417680799
1.80309848041016
1.61462952465009
1.66614870919226
1.73060893726337
1.67657430889009
1.82416093295856
1.69739811865427
1.69408156569673
1.49147770614453
1.37365168347557
1.32318224081792
1.40937429891452
1.1054670487801
1.45071879803131
1.50341933153286
1.51897008610695
1.60290735761174
1.41311994504084
1.41837491977389
1.58192868909179
1.447892261633
1.14204030586193
1.09114626938813
1.08761032736468
1.30045627231977
1.28085369297462
1.16149570096068
1.14303819219527
1.14185651448829
1.27747062436949
1.19153568891256
1.3345500154799
1.41628324277929
1.63299336260607
1.90912319591196
1.86839031932196
2.02103546084553
2.28658447668088
2.0676541561075
1.97593541650254
1.93888569951825
2.08593257203389
1.87252408194626
2.07420649642529
2.39034155478216
2.2082088603295
2.37617039498263
2.27287091202635
1.30895451566553
1.32772006923698
1.36973279509159
1.31141952501801
1.40496442906059
1.58446903039357
1.71728832800688
1.81673615585015
2.10180772048255
2.03655874437565
2.21879971586976
2.80929409817123
2.3951661339143
0
3.09892137619781
2.51851538746026
2.31827296132223
1.94387546177022
0
0
1.23925019920703
1.17399628531659
1.13945123711041
1.24582448990902
1.41471689758295
1.34616440753642
1.4860168756827
1.6434594602051
1.85571285981805
2.24356131158064
2.41266039567916
0
2.36623833873094
2.66408724031745
0
2.09263089609035
0
0
0
0
0
0
0
0
0
0
0
0
0
0
0
0
0
0
0
0
0
0
0
0
0
1.39119860083388
0
0
0
1.55434558446497
1.50341949997259
0
1.58307654126539
1.41224806466032
1.42877754664352
1.56082299329285
1.63362377333567
1.31926287409951
1.51397837370375
1.51322653947203
1.54544232367195
1.55154468457138
1.56583036499916
1.70070173480329
1.89857639649818
2.13399179934887
0
2.46942755079382
2.8927539963152
3.25869647526692
3.29122441220005
0
0
0
3.02614671176314
0
0
0
0
0
0
0
0
0
0
0
0
3.23255370880584
0
2.93777281088193
2.78492729759526
0
0
0
0
0
0
0
0
0
0
0
0
0
0
0
0
0
0
0
0
0
0
0
0
0
0
0
0
0
0
0
0
0
0
2.54417571820299
2.36623814630226
2.17032431808956
2.29505930533707
2.40967896769379
2.20525562661197
2.33064329468575
1.64335216098886
1.78402697488457
1.99847955193657
2.36550558780362
3.18431017533438
3.18431090601985
0
2.61199728036032
3.21319597122026
2.85457696719369
3.26598670088089
2.56821121071706
2.14402362720677
2.40545292872263
2.34216091962962
2.32191854939027
2.08820507984471
2.14402406005147
1.90055636812194
2.03999848383161
2.27448202596564
2.71341093972836
3.23517425158756
3.21319527798761
2.66666773955627
2.30873546518045
1.97897834235822
1.9505585888429
1.933357336233
1.94387720018422
1.97108503760789
1.7172879778929
1.70890434473533
1.73600284395549
1.80641905993794
1.43672275183122
1.92123437813591
1.76040194353583
1.65100556585607
1.25305356939227
1.23942372211294
1.25561975869341
1.30562720526946
1.70892678181775
1.56583114607489
1.60536973979472
1.97334123224314
2.03655961048073
1.86979833560616
2.53876332001676
2.57339248441841
1.88777443861334
1.86980008298165
0.00101997994304521
0.00056385183681368
1.54070051686454
1.38814573755401
1.299167476427
1.25305488050899
1.2394242307978
1.25305435606907
1.29916775680788
1.38814637055335
1.34300317107533
0.00125169925888261
0.000723173084148038
0.00120843517401688
0.00113668305944151
0.0012516896795412
0.00188835915837827
0.00227719329364721
0.00132514447765336
0.000563833611475521
0.00101998642162992
0.00164378953939987
2.05334273235187
1.99847998699353
1.99847911690921
2.61199838523419
2.3182724859286
2.14402232864357
2.03655798015867
1.97334074094401
1.94387488229617
1.94387488229539
1.97334074096564
2.0365592028995
2.14402276150303
2.31827201054218
2.61199617547677
2.36550402846002
0
0
0
0
1.52658915359349
1.54070011889768
1.56582958390477
1.60536895948901
1.66372732438149
1.74782878370889
0
0
0
0
0
0
0
0
0
0
0
0
0
0
0
